<?xml version="1.0" encoding="UTF-8"?>
<testng-results ignored="0" total="6" passed="6" failed="0" skipped="0">
  <reporter-output>
  </reporter-output>
  <suite started-at="2020-11-17T22:14:51 IST" name="Surefire suite" finished-at="2020-11-17T22:14:51 IST" duration-ms="28">
    <groups>
    </groups>
    <test started-at="2020-11-17T22:14:51 IST" name="Surefire test" finished-at="2020-11-17T22:14:51 IST" duration-ms="28">
      <class name="AkshitTest.MavanJava.AppiumTest">
        <test-method signature="NativeAppAnderoid()[pri:0, instance:AkshitTest.MavanJava.AppiumTest@4450d156]" started-at="2020-11-17T22:14:51 IST" name="NativeAppAnderoid" finished-at="2020-11-17T22:14:51 IST" duration-ms="3" status="PASS">
          <reporter-output>
          </reporter-output>
        </test-method> <!-- NativeAppAnderoid -->
        <test-method signature="deleteTwitter()[pri:0, instance:AkshitTest.MavanJava.AppiumTest@4450d156]" started-at="2020-11-17T22:14:51 IST" name="deleteTwitter" finished-at="2020-11-17T22:14:51 IST" duration-ms="0" status="PASS">
          <reporter-output>
          </reporter-output>
        </test-method> <!-- deleteTwitter -->
      </class> <!-- AkshitTest.MavanJava.AppiumTest -->
      <class name="AkshitTest.MavanJava.RestAPITest">
        <test-method signature="deleteTwitter()[pri:0, instance:AkshitTest.MavanJava.RestAPITest@4461c7e3]" started-at="2020-11-17T22:14:51 IST" name="deleteTwitter" finished-at="2020-11-17T22:14:51 IST" duration-ms="0" status="PASS">
          <reporter-output>
          </reporter-output>
        </test-method> <!-- deleteTwitter -->
        <test-method signature="postJira()[pri:0, instance:AkshitTest.MavanJava.RestAPITest@4461c7e3]" started-at="2020-11-17T22:14:51 IST" name="postJira" finished-at="2020-11-17T22:14:51 IST" duration-ms="0" status="PASS">
          <reporter-output>
          </reporter-output>
        </test-method> <!-- postJira -->
      </class> <!-- AkshitTest.MavanJava.RestAPITest -->
      <class name="AkshitTest.MavanJava.SeleniumTest">
        <test-method signature="elementsUI()[pri:0, instance:AkshitTest.MavanJava.SeleniumTest@351d0846]" started-at="2020-11-17T22:14:51 IST" name="elementsUI" finished-at="2020-11-17T22:14:51 IST" duration-ms="0" status="PASS">
          <reporter-output>
          </reporter-output>
        </test-method> <!-- elementsUI -->
        <test-method signature="BrowserAutomation()[pri:0, instance:AkshitTest.MavanJava.SeleniumTest@351d0846]" started-at="2020-11-17T22:14:51 IST" name="BrowserAutomation" finished-at="2020-11-17T22:14:51 IST" duration-ms="0" status="PASS">
          <reporter-output>
          </reporter-output>
        </test-method> <!-- BrowserAutomation -->
      </class> <!-- AkshitTest.MavanJava.SeleniumTest -->
    </test> <!-- Surefire test -->
  </suite> <!-- Surefire suite -->
</testng-results>
