<?xml version="1.0" encoding="UTF-8"?>
<!-- Generated by org.testng.reporters.JUnitXMLReporter -->
<testsuite ignored="0" hostname="MSI" failures="0" tests="4" name="Test" time="0.026" errors="0" timestamp="2020-11-17T23:05:08 IST">
  <testcase classname="AkshitTest.MavanJava.RestAPITest" name="deleteTwitter" time="0.003"/>
  <testcase classname="AkshitTest.MavanJava.RestAPITest" name="postJira" time="0.0"/>
  <testcase classname="AkshitTest.MavanJava.SeleniumTest" name="BrowserAutomation" time="0.0"/>
  <testcase classname="AkshitTest.MavanJava.SeleniumTest" name="elementsUI" time="0.0"/>
</testsuite> <!-- Test -->
