<?xml version="1.0" encoding="UTF-8"?>
<!-- Generated by org.testng.reporters.JUnitXMLReporter -->
<testsuite ignored="0" hostname="MSI" failures="0" tests="6" name="Surefire test" time="0.028" errors="0" timestamp="2020-11-17T22:14:51 IST">
  <testcase classname="AkshitTest.MavanJava.AppiumTest" name="NativeAppAnderoid" time="0.003"/>
  <testcase classname="AkshitTest.MavanJava.AppiumTest" name="deleteTwitter" time="0.0"/>
  <testcase classname="AkshitTest.MavanJava.RestAPITest" name="deleteTwitter" time="0.0"/>
  <testcase classname="AkshitTest.MavanJava.RestAPITest" name="postJira" time="0.0"/>
  <testcase classname="AkshitTest.MavanJava.SeleniumTest" name="BrowserAutomation" time="0.0"/>
  <testcase classname="AkshitTest.MavanJava.SeleniumTest" name="elementsUI" time="0.0"/>
</testsuite> <!-- Surefire test -->
